Name	NumRotors	NumConfs	CPUtime
Penicillin_G	5	86	0.4471
Sulfacetamide	3	4	0.0076
Sulfamethoxypyridazine	4	43	0.0120
Ampicillin	5	97	0.4760
Tetracycline	2	6	1.4182
Amprenavir	13	300	1.3881
Lincomycin	8	300	0.4524
Lincomycin	8	283	0.4092
Nitrofurantoin	3	12	0.1039
Aztreonam	8	300	0.7647
Ticarcillin	6	270	0.4493
Linezolid	5	300	0.7927
Ciprofloxacin	3	24	0.0539
Asunaprevir	18	300	2.7950
Isoniazid	2	2	0.0062
Chloramphenicol	7	136	0.2944
Fosfomycin	1	1	0.0124
Clofazimine	4	18	0.8849
Doxycycline	2	6	1.5037
Fusidic_Acid	6	12	2.1584
