[localhost]
Driver script for parent canvasSearch job pains_filter
Current time: Fri Dec 27 16:09:56 2019
Number of CPUs requested = 4
SCHRODINGER=/home/software/schrodinger2019-1
SCHRODINGER_JOBID=waltz-0-5e067324
MMSHARE_EXEC=/home/software/schrodinger2019-1/mmshare-v4.5/bin/Linux-x86_64
CANVAS_EXEC=/home/software/schrodinger2019-1/canvas-v3.9/bin/Linux-x86_64

Running canvasConvert to prepare subjob input files:
"/home/software/schrodinger2019-1/mmshare-v4.5/bin/Linux-x86_64/canvasConvert" -isd "antibiotics.sch.sdf.gz" -div 4 -prefix pains_filter_search -minrec 100
"/home/software/schrodinger2019-1/utilities/canvasSearch" -isd pains_filter_search_pt1.sd -SUBJOB -LOCAL -filter -file "../../A_docking_scripts/1_prep_ligands/all-1.sch.pains_filter.cflt"  -osd pains_filter_subjob_1_out.sd.gz -osd2 pains_filter_subjob_1_out2.sd.gz -JOB pains_filter_subjob_1
*** Reducing the number of CPUs from 4 to 1 to satisfy -MINREC 100 ***

Subjob "/home/software/schrodinger2019-1/utilities/canvasSearch" -isd pains_filter_search_pt1.sd -SUBJOB -LOCAL -filter -file "../../A_docking_scripts/1_prep_ligands/all-1.sch.pains_filter.cflt"  -osd pains_filter_subjob_1_out.sd.gz -osd2 pains_filter_subjob_1_out2.sd.gz -JOB pains_filter_subjob_1 -LAST ( waltz-0-5e067326 ) was launched 

   Waiting for subjobs to finish...
    Subjob "/home/software/schrodinger2019-1/utilities/canvasSearch" -isd pains_filter_search_pt1.sd -SUBJOB -LOCAL -filter -file "../../A_docking_scripts/1_prep_ligands/all-1.sch.pains_filter.cflt"  -osd pains_filter_subjob_1_out.sd.gz -osd2 pains_filter_subjob_1_out2.sd.gz -JOB pains_filter_subjob_1 (waltz-0-5e067326) completed.

The following is from each subjob log file:

Combining results from subjobs:
"/home/software/schrodinger2019-1/canvas-v3.9/bin/Linux-x86_64/canvasCombine" -list "logList" -format TXT
[waltz]

Driver script for canvasSearch subjob pains_filter_subjob_1
Current time: Fri Dec 27 16:09:59 2019
Number of CPUs requested = 1
SCHRODINGER=/home/software/schrodinger2019-1
SCHRODINGER_JOBID=waltz-0-5e067326
MMSHARE_EXEC=/home/software/schrodinger2019-1/mmshare-v4.5/bin/Linux-x86_64
CANVAS_EXEC=/home/software/schrodinger2019-1/canvas-v3.9/bin/Linux-x86_64

Command: "/home/software/schrodinger2019-1/canvas-v3.9/bin/Linux-x86_64/canvasSearch"  -isd "pains_filter_search_pt1.sd" -filter -file "../../A_docking_scripts/1_prep_ligands/all-1.sch.pains_filter.cflt" -osd "pains_filter_subjob_1_out.sd.gz" -osd2 "pains_filter_subjob_1_out2.sd.gz"

CPU time= 0.32 sec

canvasSearch successfully completed.

Driver script for canvasSearch subjob pains_filter_subjob_1 finished
Current time: Fri Dec 27 16:10:00 2019
Elapsed time = 00:00:01

Combining results from subjobs:
"/home/software/schrodinger2019-1/canvas-v3.9/bin/Linux-x86_64/canvasCombine" -list "outlist" -format TXT -out "antibiotics.sch_safe.sdf.gz" -compress

Combining results from subjobs:
"/home/software/schrodinger2019-1/canvas-v3.9/bin/Linux-x86_64/canvasCombine" -list "outlist2" -format TXT -out "antibiotics.sch_pain.sdf.gz" -compress

Driver script for parent canvasSearch job pains_filter finished
Current time: Fri Dec 27 16:10:06 2019
Elapsed time = 00:00:10
